#options: 640x360 fps=24000/1001 timebase=1001/24000 bitdepth=8 cabac=1 ref=1 deblock=1:0:0 analyse=0x1:0 me=dia subme=2 psy=1 psy_rd=1.00:0.00 mixed_ref=0 me_range=16 chroma_me=1 trellis=0 8x8dct=0 cqm=0 deadzone=21,11 fast_pskip=1 chroma_qp_offset=0 threads=11 lookahead_threads=2 sliced_threads=0 nr=0 decimate=1 interlaced=0 bluray_compat=0 constrained_intra=0 bframes=3 b_pyramid=2 b_adapt=1 b_bias=0 direct=1 weightb=1 open_gop=0 weightp=2 keyint=250 keyint_min=23 scenecut=40 intra_refresh=0 rc_lookahead=40 rc=abr mbtree=1 bitrate=3755 ratetol=1.0 qcomp=0.60 qpmin=0 qpmax=69 qpstep=4 ip_ratio=1.40 aq=1:1.00
in:0 out:0 type:I dur:2 cpbdur:2 q:15.90 aq:0.00 tex:234 mv:406 misc:104 imb:920 pmb:0 smb:0 d:- ref:;
in:4 out:1 type:P dur:2 cpbdur:2 q:15.78 aq:3.02 tex:33135 mv:2411 misc:238 imb:709 pmb:3 smb:208 d:- ref:0 ;
in:2 out:2 type:B dur:2 cpbdur:2 q:15.78 aq:4.60 tex:12539 mv:2941 misc:608 imb:250 pmb:178 smb:492 d:- ref:0 ;
in:1 out:3 type:b dur:2 cpbdur:2 q:15.78 aq:5.46 tex:6700 mv:1412 misc:744 imb:83 pmb:209 smb:628 d:- ref:0 ;
in:3 out:4 type:b dur:2 cpbdur:2 q:15.78 aq:7.52 tex:11402 mv:2251 misc:723 imb:68 pmb:296 smb:556 d:- ref:0 ;
in:8 out:5 type:P dur:2 cpbdur:2 q:15.17 aq:3.61 tex:53584 mv:4173 misc:579 imb:471 pmb:165 smb:284 d:- ref:0 w:0,2,-16,0,1,0,2,-128 ;
in:6 out:6 type:B dur:2 cpbdur:2 q:15.47 aq:5.91 tex:28150 mv:4790 misc:580 imb:175 pmb:320 smb:425 d:- ref:0 ;
in:5 out:7 type:b dur:2 cpbdur:2 q:15.63 aq:8.13 tex:15864 mv:3490 misc:670 imb:86 pmb:383 smb:451 d:- ref:0 ;
in:7 out:8 type:b dur:2 cpbdur:2 q:15.32 aq:8.82 tex:12924 mv:3550 misc:678 imb:32 pmb:373 smb:515 d:- ref:0 ;
in:12 out:9 type:P dur:2 cpbdur:2 q:14.54 aq:3.77 tex:74113 mv:5096 misc:511 imb:441 pmb:243 smb:236 d:- ref:0 w:1,3,-8 ;
in:10 out:10 type:B dur:2 cpbdur:2 q:14.86 aq:5.03 tex:46134 mv:7378 misc:600 imb:213 pmb:401 smb:306 d:- ref:0 ;
in:9 out:11 type:b dur:2 cpbdur:2 q:15.01 aq:7.35 tex:19747 mv:4475 misc:642 imb:67 pmb:405 smb:448 d:- ref:0 ;
in:11 out:12 type:b dur:2 cpbdur:2 q:14.70 aq:7.15 tex:18992 mv:3640 misc:648 imb:47 pmb:365 smb:508 d:- ref:0 ;
in:16 out:13 type:P dur:2 cpbdur:2 q:6.54 aq:0.41 tex:187563 mv:5454 misc:287 imb:672 pmb:236 smb:12 d:- ref:0 w:3,11,-5,6,64,0,43,42 ;
in:14 out:14 type:B dur:2 cpbdur:2 q:10.54 aq:3.29 tex:73017 mv:5215 misc:616 imb:103 pmb:481 smb:336 d:- ref:0 ;
in:13 out:15 type:b dur:2 cpbdur:2 q:12.54 aq:5.61 tex:20283 mv:2590 misc:647 imb:18 pmb:341 smb:561 d:- ref:0 ;
in:15 out:16 type:b dur:2 cpbdur:2 q:8.54 aq:2.73 tex:44101 mv:2653 misc:662 imb:62 pmb:272 smb:586 d:- ref:0 ;
in:20 out:17 type:P dur:2 cpbdur:2 q:1.52 aq:0.00 tex:199269 mv:3946 misc:473 imb:218 pmb:493 smb:209 d:- ref:0 w:6,79,-4,6,93,-58,64,0 ;
in:18 out:18 type:B dur:2 cpbdur:2 q:4.03 aq:0.61 tex:105033 mv:4827 misc:580 imb:79 pmb:519 smb:322 d:- ref:0 ;
in:17 out:19 type:b dur:2 cpbdur:2 q:5.29 aq:1.37 tex:63357 mv:2845 misc:742 imb:46 pmb:341 smb:533 d:- ref:0 ;
in:19 out:20 type:b dur:2 cpbdur:2 q:2.77 aq:0.63 tex:53881 mv:2708 misc:699 imb:14 pmb:489 smb:417 d:- ref:0 ;
in:24 out:21 type:P dur:2 cpbdur:2 q:1.36 aq:0.19 tex:268010 mv:5597 misc:369 imb:325 pmb:399 smb:196 d:- ref:0 w:4,19,-3 ;
in:22 out:22 type:B dur:2 cpbdur:2 q:1.44 aq:0.14 tex:180859 mv:5265 misc:484 imb:66 pmb:555 smb:299 d:- ref:0 ;
in:21 out:23 type:b dur:2 cpbdur:2 q:1.48 aq:0.36 tex:70194 mv:2147 misc:611 imb:1 pmb:478 smb:441 d:- ref:0 ;
in:23 out:24 type:b dur:2 cpbdur:2 q:1.40 aq:0.46 tex:145832 mv:4546 misc:486 imb:43 pmb:590 smb:287 d:- ref:0 ;
in:25 out:25 type:P dur:2 cpbdur:2 q:1.40 aq:0.38 tex:206382 mv:4414 misc:516 imb:115 pmb:487 smb:318 d:- ref:0 ;
